# JRE version: Java(TM) SE Runtime Environment (7.0_45-b18) (build 1.7.0_45-b18)
# Java VM: Java HotSpot(TM) 64-Bit Server VM (24.45-b08 mixed mode windows-amd64 compressed oops)
Heap
 PSYoungGen      total 122368K, used 97791K [0x00000000eaa80000, 0x00000000f5780000, 0x0000000100000000)
  eden space 97792K, 99% used [0x00000000eaa80000,0x00000000f09ffff8,0x00000000f0a00000)
  from space 24576K, 0% used [0x00000000f3f80000,0x00000000f3f80000,0x00000000f5780000)
  to   space 36352K, 0% used [0x00000000f1080000,0x00000000f1080000,0x00000000f3400000)
 ParOldGen       total 101888K, used 101381K [0x00000000c0000000, 0x00000000c6380000, 0x00000000eaa80000)
  object space 101888K, 99% used [0x00000000c0000000,0x00000000c6301520,0x00000000c6380000)
 PSPermGen       total 21504K, used 5767K [0x00000000bae00000, 0x00000000bc300000, 0x00000000c0000000)
  object space 21504K, 26% used [0x00000000bae00000,0x00000000bb3a1e90,0x00000000bc300000)
GC Heap History (10 events):
Event: 61.879 GC heap after
Heap after GC invocations=118 (full 108):
 PSYoungGen      total 122368K, used 97791K [0x00000000eaa80000, 0x00000000f5780000, 0x0000000100000000)
  eden space 97792K, 99% used [0x00000000eaa80000,0x00000000f09ffff8,0x00000000f0a00000)
  from space 24576K, 0% used [0x00000000f3f80000,0x00000000f3f80000,0x00000000f5780000)
  to   space 36352K, 0% used [0x00000000f1080000,0x00000000f1080000,0x00000000f3400000)
 ParOldGen       total 101888K, used 101368K [0x00000000c0000000, 0x00000000c6380000, 0x00000000eaa80000)
  object space 101888K, 99% used [0x00000000c0000000,0x00000000c62fe0a0,0x00000000c6380000)
 PSPermGen       total 21504K, used 5767K [0x00000000bae00000, 0x00000000bc300000, 0x00000000c0000000)
  object space 21504K, 26% used [0x00000000bae00000,0x00000000bb3a1e90,0x00000000bc300000)
}
Event: 61.879 GC heap before
{Heap before GC invocations=119 (full 109):
 PSYoungGen      total 122368K, used 97791K [0x00000000eaa80000, 0x00000000f5780000, 0x0000000100000000)
  eden space 97792K, 99% used [0x00000000eaa80000,0x00000000f09ffff8,0x00000000f0a00000)
  from space 24576K, 0% used [0x00000000f3f80000,0x00000000f3f80000,0x00000000f5780000)
  to   space 36352K, 0% used [0x00000000f1080000,0x00000000f1080000,0x00000000f3400000)
 ParOldGen       total 101888K, used 101371K [0x00000000c0000000, 0x00000000c6380000, 0x00000000eaa80000)
  object space 101888K, 99% used [0x00000000c0000000,0x00000000c62feca0,0x00000000c6380000)
 PSPermGen       total 21504K, used 5767K [0x00000000bae00000, 0x00000000bc300000, 0x00000000c0000000)
  object space 21504K, 26% used [0x00000000bae00000,0x00000000bb3a1e90,0x00000000bc300000)
Event: 62.255 GC heap after
Heap after GC invocations=119 (full 109):
 PSYoungGen      total 122368K, used 97791K [0x00000000eaa80000, 0x00000000f5780000, 0x0000000100000000)
  eden space 97792K, 99% used [0x00000000eaa80000,0x00000000f09ffff8,0x00000000f0a00000)
  from space 24576K, 0% used [0x00000000f3f80000,0x00000000f3f80000,0x00000000f5780000)
  to   space 36352K, 0% used [0x00000000f1080000,0x00000000f1080000,0x00000000f3400000)
 ParOldGen       total 101888K, used 101370K [0x00000000c0000000, 0x00000000c6380000, 0x00000000eaa80000)
  object space 101888K, 99% used [0x00000000c0000000,0x00000000c62feb20,0x00000000c6380000)
 PSPermGen       total 21504K, used 5767K [0x00000000bae00000, 0x00000000bc300000, 0x00000000c0000000)
  object space 21504K, 26% used [0x00000000bae00000,0x00000000bb3a1e90,0x00000000bc300000)
}
Event: 62.255 GC heap before
{Heap before GC invocations=120 (full 110):
 PSYoungGen      total 122368K, used 97791K [0x00000000eaa80000, 0x00000000f5780000, 0x0000000100000000)
  eden space 97792K, 99% used [0x00000000eaa80000,0x00000000f09ffff8,0x00000000f0a00000)
  from space 24576K, 0% used [0x00000000f3f80000,0x00000000f3f80000,0x00000000f5780000)
  to   space 36352K, 0% used [0x00000000f1080000,0x00000000f1080000,0x00000000f3400000)
 ParOldGen       total 101888K, used 101373K [0x00000000c0000000, 0x00000000c6380000, 0x00000000eaa80000)
  object space 101888K, 99% used [0x00000000c0000000,0x00000000c62ff720,0x00000000c6380000)
 PSPermGen       total 21504K, used 5767K [0x00000000bae00000, 0x00000000bc300000, 0x00000000c0000000)
  object space 21504K, 26% used [0x00000000bae00000,0x00000000bb3a1e90,0x00000000bc300000)
Event: 62.597 GC heap after
Heap after GC invocations=120 (full 110):
 PSYoungGen      total 122368K, used 97791K [0x00000000eaa80000, 0x00000000f5780000, 0x0000000100000000)
  eden space 97792K, 99% used [0x00000000eaa80000,0x00000000f09ffff8,0x00000000f0a00000)
  from space 24576K, 0% used [0x00000000f3f80000,0x00000000f3f80000,0x00000000f5780000)
  to   space 36352K, 0% used [0x00000000f1080000,0x00000000f1080000,0x00000000f3400000)
 ParOldGen       total 101888K, used 101373K [0x00000000c0000000, 0x00000000c6380000, 0x00000000eaa80000)
  object space 101888K, 99% used [0x00000000c0000000,0x00000000c62ff4e0,0x00000000c6380000)
 PSPermGen       total 21504K, used 5767K [0x00000000bae00000, 0x00000000bc300000, 0x00000000c0000000)
  object space 21504K, 26% used [0x00000000bae00000,0x00000000bb3a1e90,0x00000000bc300000)
}
Event: 62.597 GC heap before
{Heap before GC invocations=121 (full 111):
 PSYoungGen      total 122368K, used 97791K [0x00000000eaa80000, 0x00000000f5780000, 0x0000000100000000)
  eden space 97792K, 99% used [0x00000000eaa80000,0x00000000f09ffff8,0x00000000f0a00000)
  from space 24576K, 0% used [0x00000000f3f80000,0x00000000f3f80000,0x00000000f5780000)
  to   space 36352K, 0% used [0x00000000f1080000,0x00000000f1080000,0x00000000f3400000)
 ParOldGen       total 101888K, used 101376K [0x00000000c0000000, 0x00000000c6380000, 0x00000000eaa80000)
  object space 101888K, 99% used [0x00000000c0000000,0x00000000c63000e0,0x00000000c6380000)
 PSPermGen       total 21504K, used 5767K [0x00000000bae00000, 0x00000000bc300000, 0x00000000c0000000)
  object space 21504K, 26% used [0x00000000bae00000,0x00000000bb3a1e90,0x00000000bc300000)
Event: 63.008 GC heap after
Heap after GC invocations=121 (full 111):
 PSYoungGen      total 122368K, used 97791K [0x00000000eaa80000, 0x00000000f5780000, 0x0000000100000000)
  eden space 97792K, 99% used [0x00000000eaa80000,0x00000000f09ffff8,0x00000000f0a00000)
  from space 24576K, 0% used [0x00000000f3f80000,0x00000000f3f80000,0x00000000f5780000)
  to   space 36352K, 0% used [0x00000000f1080000,0x00000000f1080000,0x00000000f3400000)
 ParOldGen       total 101888K, used 101375K [0x00000000c0000000, 0x00000000c6380000, 0x00000000eaa80000)
  object space 101888K, 99% used [0x00000000c0000000,0x00000000c62ffea0,0x00000000c6380000)
 PSPermGen       total 21504K, used 5767K [0x00000000bae00000, 0x00000000bc300000, 0x00000000c0000000)
  object space 21504K, 26% used [0x00000000bae00000,0x00000000bb3a1e90,0x00000000bc300000)
}
Event: 63.008 GC heap before
{Heap before GC invocations=122 (full 112):
 PSYoungGen      total 122368K, used 97791K [0x00000000eaa80000, 0x00000000f5780000, 0x0000000100000000)
  eden space 97792K, 99% used [0x00000000eaa80000,0x00000000f09ffff8,0x00000000f0a00000)
  from space 24576K, 0% used [0x00000000f3f80000,0x00000000f3f80000,0x00000000f5780000)
  to   space 36352K, 0% used [0x00000000f1080000,0x00000000f1080000,0x00000000f3400000)
 ParOldGen       total 101888K, used 101378K [0x00000000c0000000, 0x00000000c6380000, 0x00000000eaa80000)
  object space 101888K, 99% used [0x00000000c0000000,0x00000000c6300aa0,0x00000000c6380000)
 PSPermGen       total 21504K, used 5767K [0x00000000bae00000, 0x00000000bc300000, 0x00000000c0000000)
  object space 21504K, 26% used [0x00000000bae00000,0x00000000bb3a1e90,0x00000000bc300000)
Event: 63.503 GC heap after
Heap after GC invocations=122 (full 112):
 PSYoungGen      total 122368K, used 97791K [0x00000000eaa80000, 0x00000000f5780000, 0x0000000100000000)
  eden space 97792K, 99% used [0x00000000eaa80000,0x00000000f09ffff8,0x00000000f0a00000)
  from space 24576K, 0% used [0x00000000f3f80000,0x00000000f3f80000,0x00000000f5780000)
  to   space 36352K, 0% used [0x00000000f1080000,0x00000000f1080000,0x00000000f3400000)
 ParOldGen       total 101888K, used 101378K [0x00000000c0000000, 0x00000000c6380000, 0x00000000eaa80000)
  object space 101888K, 99% used [0x00000000c0000000,0x00000000c6300920,0x00000000c6380000)
 PSPermGen       total 21504K, used 5767K [0x00000000bae00000, 0x00000000bc300000, 0x00000000c0000000)
  object space 21504K, 26% used [0x00000000bae00000,0x00000000bb3a1e90,0x00000000bc300000)
}
Event: 63.507 GC heap before
{Heap before GC invocations=123 (full 113):
 PSYoungGen      total 122368K, used 97791K [0x00000000eaa80000, 0x00000000f5780000, 0x0000000100000000)
  eden space 97792K, 99% used [0x00000000eaa80000,0x00000000f09ffff8,0x00000000f0a00000)
  from space 24576K, 0% used [0x00000000f3f80000,0x00000000f3f80000,0x00000000f5780000)
  to   space 36352K, 0% used [0x00000000f1080000,0x00000000f1080000,0x00000000f3400000)
 ParOldGen       total 101888K, used 101381K [0x00000000c0000000, 0x00000000c6380000, 0x00000000eaa80000)
  object space 101888K, 99% used [0x00000000c0000000,0x00000000c6301520,0x00000000c6380000)
 PSPermGen       total 21504K, used 5767K [0x00000000bae00000, 0x00000000bc300000, 0x00000000c0000000)
  object space 21504K, 26% used [0x00000000bae00000,0x00000000bb3a1e90,0x00000000bc300000)

